Step: build-step-credential-initializer:

{"level":"warn","ts":1552911916.642772,"logger":"fallback-logger","caller":"logging/config.go:65","msg":"Fetch GitHub commit ID from kodata failed: \"ref: refs/heads/test\" is not a valid GitHub commit ID"}
{"level":"info","ts":1552911916.6585267,"logger":"fallback-logger","caller":"creds-init/main.go:40","msg":"Credentials initialized."}
Step: build-step-git-source-0:

{"level":"warn","ts":1552911918.2891452,"logger":"fallback-logger","caller":"logging/config.go:65","msg":"Fetch GitHub commit ID from kodata failed: \"ref: refs/heads/test\" is not a valid GitHub commit ID"}
{"level":"info","ts":1552911920.2753432,"logger":"fallback-logger","caller":"git-init/main.go:92","msg":"Successfully cloned \"https://github.com/QincaiLiu/jx-demo.git\" @ \"31316a98c1c525cea959fa20c8645c780491838a\" in path \"/workspace\""}
Step: build-step-jenkins:

Picked up _JAVA_OPTIONS: -Xmx400m
  22.464 [id=21]	WARNING	c.c.j.p.k.KubernetesCredentialProvider#convertSecret: Failed to convert Secret 'kaniko-secret' of type secretText due to secretText credential is missing the text
Started
Running in Durability level: PERFORMANCE_OPTIMIZED
  27.457 [id=32]	WARNING	i.f.k.c.i.VersionUsageUtils#alert: The client is using resource type 'customresourcedefinitions' with unstable version 'v1beta1'
[Pipeline] Start of Pipeline
[Pipeline] node
Running on Jenkins in /tmp/jenkinsTests.tmp/jenkins2029822289410368532test/workspace/job
[Pipeline] {
[Pipeline] stage
[Pipeline] { (Declarative: Checkout SCM)
[Pipeline] checkout
[Pipeline] }
[Pipeline] // stage
[Pipeline] withCredentials
[Pipeline] {
[Pipeline] withEnv
[Pipeline] {
[Pipeline] stage
[Pipeline] { (CI Build and push snapshot)
Stage "CI Build and push snapshot" skipped due to when conditional
[Pipeline] }
[Pipeline] // stage
[Pipeline] stage
[Pipeline] { (Build Release)
[Pipeline] git
 > git rev-parse --is-inside-work-tree # timeout=10
Fetching changes from the remote Git repository
 > git config remote.origin.url https://github.com/qincailiu/jx-demo.git # timeout=10
Fetching upstream changes from https://github.com/qincailiu/jx-demo.git
 > git --version # timeout=10
 > git fetch --tags --progress https://github.com/qincailiu/jx-demo.git +refs/heads/*:refs/remotes/origin/*
 > git rev-parse refs/remotes/origin/master^{commit} # timeout=10
 > git rev-parse refs/remotes/origin/origin/master^{commit} # timeout=10
Checking out Revision 31316a98c1c525cea959fa20c8645c780491838a (refs/remotes/origin/master)
 > git config core.sparsecheckout # timeout=10
 > git checkout -f 31316a98c1c525cea959fa20c8645c780491838a
 > git branch -a -v --no-abbrev # timeout=10
 > git branch -D master # timeout=10
 > git checkout -b master 31316a98c1c525cea959fa20c8645c780491838a
Commit message: "Merge pull request #1 from QincaiLiu/test"
First time build. Skipping changelog.
[Pipeline] sh
+ jx-release-version
+ echo 0.0.1
[Pipeline] sh
+ skaffold version
v0.24.0
[Pipeline] sh
+ cat VERSION
+ export VERSION=0.0.1
+ skaffold build -f skaffold.yaml
time="2019-03-18T12:26:17Z" level=warning msg="config version (skaffold/v1beta2) out of date: upgrading to latest (skaffold/v1beta6)"
Generating Tag for [jx-demo]...
Starting build...
Building [jx-demo]...
Sending build context to Docker daemon  3.072kB
Step 1/3 : FROM jenkinsxio/jenkinsx:0.0.43
 ---> c2f00411256c
Step 2/3 : COPY plugins.txt /usr/share/jenkins/ref/myplugins.txt
 ---> Using cache
 ---> e625ef77bac3
Step 3/3 : RUN /usr/local/bin/install-plugins.sh < /usr/share/jenkins/ref/myplugins.txt
 ---> Using cache
 ---> ba51d34759a1
Successfully built ba51d34759a1
The push refers to a repository [10.43.241.1:5000/qincailiu/jx-demo]
ce7ee2b2aa32: Preparing
4fe527c6558c: Preparing
72aa05532a54: Preparing
f303d6979727: Preparing
3a8ba44133a9: Preparing
8fb97c5137bf: Preparing
b90b73a43f6d: Preparing
f8a758ab301e: Preparing
343749c4fe88: Preparing
dfd5103432b3: Preparing
e91a0bf6f545: Preparing
f593e54857ae: Preparing
2197dd8e765f: Preparing
e2f79d3cd132: Preparing
95e5b784b2f2: Preparing
da6e33c4837f: Preparing
8b03d85e1b2c: Preparing
fe871a7fd805: Preparing
ad0e4892fe8a: Preparing
9fbd952c30f1: Preparing
4b36760bf501: Preparing
9f89204fd3b0: Preparing
1219c65bb75a: Preparing
12bc6638f550: Preparing
6f9340f5323e: Preparing
9ea63cdbc429: Preparing
ef68f6734aa4: Preparing
8fb97c5137bf: Waiting
b90b73a43f6d: Waiting
f8a758ab301e: Waiting
343749c4fe88: Waiting
dfd5103432b3: Waiting
e91a0bf6f545: Waiting
f593e54857ae: Waiting
2197dd8e765f: Waiting
e2f79d3cd132: Waiting
95e5b784b2f2: Waiting
da6e33c4837f: Waiting
8b03d85e1b2c: Waiting
fe871a7fd805: Waiting
ad0e4892fe8a: Waiting
9fbd952c30f1: Waiting
4b36760bf501: Waiting
9f89204fd3b0: Waiting
1219c65bb75a: Waiting
12bc6638f550: Waiting
6f9340f5323e: Waiting
9ea63cdbc429: Waiting
ef68f6734aa4: Waiting
3a8ba44133a9: Layer already exists
4fe527c6558c: Layer already exists
72aa05532a54: Layer already exists
f303d6979727: Layer already exists
ce7ee2b2aa32: Layer already exists
343749c4fe88: Layer already exists
b90b73a43f6d: Layer already exists
f8a758ab301e: Layer already exists
8fb97c5137bf: Layer already exists
2197dd8e765f: Layer already exists
e91a0bf6f545: Layer already exists
f593e54857ae: Layer already exists
dfd5103432b3: Layer already exists
8b03d85e1b2c: Layer already exists
95e5b784b2f2: Layer already exists
da6e33c4837f: Layer already exists
e2f79d3cd132: Layer already exists
fe871a7fd805: Layer already exists
4b36760bf501: Layer already exists
9fbd952c30f1: Layer already exists
ad0e4892fe8a: Layer already exists
9f89204fd3b0: Layer already exists
9ea63cdbc429: Layer already exists
1219c65bb75a: Layer already exists
12bc6638f550: Layer already exists
6f9340f5323e: Layer already exists
ef68f6734aa4: Layer already exists
0.0.1: digest: sha256:a2f0709ed3f1eed2eaa3a25de3df860c80229fc85b1124db2c2cd6a5b94b1006 size: 5956
Build complete in 186.093178ms
Starting test...
Test complete in 3.887µs
jx-demo -> 10.43.241.1:5000/qincailiu/jx-demo:0.0.1@sha256:a2f0709ed3f1eed2eaa3a25de3df860c80229fc85b1124db2c2cd6a5b94b1006
[Pipeline] sh
+ cat VERSION
+ jx step tag --version 0.0.1
Tag v0.0.1 created and pushed to remote origin
[Pipeline] sh
+ echo test!
test!
[Pipeline] }
[Pipeline] // stage
[Pipeline] stage
[Pipeline] { (Promote to Environments)
[Pipeline] sh
+ cat VERSION
+ jx step changelog --version v0.0.1
Using batch mode as inside a pipeline
Converted /tmp/jenkinsTests.tmp/jenkins2029822289410368532test/workspace/job to an unshallow repository
Generating change log from git ref 31316a98c1c525cea959fa20c8645c780491838a => cae9dd5559d5fd2acb9f73c22e97f4dfa302bdca
Failed to enrich commits with issues: User.jenkins.io "" is invalid: metadata.name: Required value: name or generateName is required
Failed to enrich commits with issues: User.jenkins.io "" is invalid: metadata.name: Required value: name or generateName is required
Finding issues in commit messages using git format
No release found for qincailiu/jx-demo and tag v0.0.1 so creating a new release
Updated the release information at https://github.com/qincailiu/jx-demo/releases/tag/v0.0.1
generated: /tmp/jenkinsTests.tmp/jenkins2029822289410368532test/workspace/job/templates/release.yaml
Created Release jx-demo-0-0-1 resource in namespace jx
Updating PipelineActivity qincailiu-jx-demo-master-3 with version 0.0.1
Updated PipelineActivities qincailiu-jx-demo-master-3 with release notes URL: https://github.com/qincailiu/jx-demo/releases/tag/v0.0.1
[Pipeline] }
[Pipeline] // stage
[Pipeline] }
[Pipeline] // withEnv
[Pipeline] }
[Pipeline] // withCredentials
[Pipeline] }
[Pipeline] // node
[Pipeline] End of Pipeline
Finished: SUCCESS
